make.exe all --print-data-base --no-builtin-variables --no-builtin-rules --question
make.exe: *** No rule to make target 'all'.  Stop.

# GNU Make 4.2.1
# Built for x86_64-w64-mingw32
# Copyright (C) 1988-2016 Free Software Foundation, Inc.
# License GPLv3+: GNU GPL version 3 or later <http://gnu.org/licenses/gpl.html>
# This is free software: you are free to change and redistribute it.
# There is NO WARRANTY, to the extent permitted by law.

# Make data base, printed on Thu Jul 28 10:07:33 2022

# Variables

# 'override' directive
GNUMAKEFLAGS := 
# automatic
<D = $(patsubst %/,%,$(patsubst %\,%,$(dir $<)))
# automatic
?F = $(notdir $?)
# default
.SHELLFLAGS := -c
# environment
GATEWAY_VM_OPTIONS = D:\Program Files\JetBrains\ja-netfilter-all\vmoptions\gateway.vmoptions
# makefile
MAKEFLAGS = pqrR
# automatic
?D = $(patsubst %/,%,$(patsubst %\,%,$(dir $?)))
# environment
WEBSTORM_VM_OPTIONS = D:\Program Files\JetBrains\ja-netfilter-all\vmoptions\webstorm.vmoptions
# automatic
@D = $(patsubst %/,%,$(patsubst %\,%,$(dir $@)))
# environment
HOMEDRIVE = C:
# automatic
@F = $(notdir $@)
# automatic
^D = $(patsubst %/,%,$(patsubst %\,%,$(dir $^)))
# makefile
CURDIR := d:/Programs/vs workspace/C
# default
SHELL := sh.exe
# environment
APPCODE_VM_OPTIONS = D:\Program Files\JetBrains\ja-netfilter-all\vmoptions\appcode.vmoptions
# environment
WINDIR = C:\Windows
# environment
VSCODE_NLS_CONFIG = {"locale":"zh-cn","availableLanguages":{},"_languagePackSupport":true}
# environment
ONEDRIVE = C:\Users\11710\OneDrive
# environment
MAVEN_HOME = D:\Program Files\develope\apache-maven-3.8.1-bin\apache-maven-3.8.1
# environment
PATHEXT = .COM;.EXE;.BAT;.CMD;.VBS;.VBE;.JS;.JSE;.WSF;.WSH;.MSC
# makefile
MAKEFILE_LIST := 
# environment
FPS_BROWSER_USER_PROFILE_STRING = Default
# environment
TMP = C:\Users\11710\AppData\Local\Temp
# environment
PROGRAMW6432 = C:\Program Files
# environment
PROGRAMDATA = C:\ProgramData
# environment
WEBIDE_VM_OPTIONS = D:\Program Files\JetBrains\ja-netfilter-all\vmoptions\webide.vmoptions
# environment
VSCODE_CWD = D:\Programs\Microsoft VS Code
# default
MAKE_HOST := x86_64-w64-mingw32
# environment
PATH = C:\Program Files (x86)\Common Files\Oracle\Java\javapath;C:\Program Files (x86)\Intel\iCLS Client\;C:\Program Files\Intel\iCLS Client\;C:\windows\system32;C:\windows;C:\windows\System32\Wbem;C:\windows\System32\WindowsPowerShell\v1.0\;C:\Program Files (x86)\Intel\Intel(R) Management Engine Components\DAL;C:\Program Files\Intel\Intel(R) Management Engine Components\DAL;C:\Program Files (x86)\Intel\Intel(R) Management Engine Components\IPT;C:\Program Files\Intel\Intel(R) Management Engine Components\IPT;C:\Program Files\Intel\WiFi\bin\;C:\Program Files\Common Files\Intel\WirelessCommon\;C:\Windows\system32;C:\Windows;C:\Windows\System32\Wbem;C:\Windows\System32\WindowsPowerShell\v1.0\;C:\Windows\System32\OpenSSH\;D:\Program Files\Git\cmd;D:\Program Files\develope\apache-maven-3.8.1-bin\apache-maven-3.8.1;D:\Program Files\develope\apache-maven-3.8.1-bin\apache-maven-3.8.1\bin;D:\Program Files\nodejs\;C:\ProgramData\chocolatey\bin;D:\Program Files\helm-v3.7.1-windows-amd64\windows-amd64;D:\Program Files\Java\jdk1.8.0_291\jre\bin;D:\Program Files\Java\jdk1.8.0_291\bin;C:\Android;C:\Windows\System32;D:\document\hugo_0.95.0_Windows-64bit;D:\mingw64\bin;D:\Program Files\hugo_extended_0.97.2_Windows-64bit;D:\Program Files (x86)\NetSarang\Xshell 7\;D:\Program Files (x86)\NetSarang\Xftp 7\;C:\Users\11710\anaconda3\Scripts;C:\Users\11710\.cargo\bin;C:\Users\11710\AppData\Local\Microsoft\WindowsApps;D:\Programs\Microsoft VS Code\bin;C:\Users\11710\AppData\Roaming\npm;C:\Users\11710\Downloads\protoc-3.19.2-win64\bin;D:\Program Files\JetBrains\IntelliJ IDEA 2022.1.2\bin;;C:\Users\11710\anaconda3;
# environment
ONLINESERVICES = Online Services
# environment
PHPSTORM_VM_OPTIONS = D:\Program Files\JetBrains\ja-netfilter-all\vmoptions\phpstorm.vmoptions
# environment
COMMONPROGRAMW6432 = C:\Program Files\Common Files
# environment
CHOCOLATEYLASTPATHUPDATE = 132797068886582218
# environment
PROCESSOR_ARCHITECTURE = AMD64
# environment
USERPROFILE = C:\Users\11710
# environment
CHOCOLATEYINSTALL = C:\ProgramData\chocolatey
# environment
ALLUSERSPROFILE = C:\ProgramData
# environment
GOLAND_VM_OPTIONS = D:\Program Files\JetBrains\ja-netfilter-all\vmoptions\goland.vmoptions
# environment
NUMBER_OF_PROCESSORS = 8
# environment
ELECTRON_RUN_AS_NODE = 1
# environment
JETBRAINSCLIENT_VM_OPTIONS = D:\Program Files\JetBrains\ja-netfilter-all\vmoptions\jetbrainsclient.vmoptions
# default
.FEATURES := target-specific order-only second-expansion else-if shortest-stem undefine oneshell archives jobserver output-sync
# environment
IDEA_VM_OPTIONS = D:\Program Files\JetBrains\ja-netfilter-all\vmoptions\idea.vmoptions
# environment
DATASPELL_VM_OPTIONS = D:\Program Files\JetBrains\ja-netfilter-all\vmoptions\dataspell.vmoptions
# environment
INTELLIJ IDEA = D:\Program Files\JetBrains\IntelliJ IDEA 2022.1.2\bin;
# automatic
%F = $(notdir $%)
# environment
ANDROID_SDK_HOME = C:\Android
# environment
CHROME_CRASHPAD_PIPE_NAME = \\.\pipe\crashpad_13968_LWTMGRHCMKERTYVE
# environment
COMPUTERNAME = LAPTOP-460TLM8D
# environment
PROGRAMFILES = C:\Program Files
# default
.LOADED := 
# environment
DRIVERDATA = C:\Windows\System32\Drivers\DriverData
# environment
JETBRAINS_CLIENT_VM_OPTIONS = D:\Program Files\JetBrains\ja-netfilter-all\vmoptions\jetbrains_client.vmoptions
# environment
ORIGINAL_XDG_CURRENT_DESKTOP = undefined
# environment
USERNAME = 11710
# environment
PUBLIC = C:\Users\Public
# environment
VSCODE_AMD_ENTRYPOINT = vs/workbench/api/node/extensionHostProcess
# environment
RIDER_VM_OPTIONS = D:\Program Files\JetBrains\ja-netfilter-all\vmoptions\rider.vmoptions
# environment
VSCODE_CODE_CACHE_PATH = C:\Users\11710\AppData\Roaming\Code\CachedData\3b889b090b5ad5793f524b5d1d39fda662b96a2a
# environment
APPLICATION_INSIGHTS_NO_DIAGNOSTIC_CHANNEL = true
# environment
COMMONPROGRAMFILES = C:\Program Files\Common Files
# environment
LOGONSERVER = \\LAPTOP-460TLM8D
# environment
M2_HOME = D:\Program Files\develope\apache-maven-3.8.1-bin\apache-maven-3.8.1
# environment
VSCODE_HANDLES_UNCAUGHT_ERRORS = true
# environment
USERDOMAIN = LAPTOP-460TLM8D
# environment
MAKELEVEL := 0
# default
MAKE = $(MAKE_COMMAND)
# default
MAKECMDGOALS := all
# default
MAKE_VERSION := 4.2.1
# makefile
.DEFAULT_GOAL := 
# environment
PROGRAMFILES(X86) = C:\Program Files (x86)
# automatic
%D = $(patsubst %/,%,$(patsubst %\,%,$(dir $%)))
# environment
LOCALAPPDATA = C:\Users\11710\AppData\Local
# environment
PSMODULEPATH = C:\Program Files\WindowsPowerShell\Modules;C:\Windows\system32\WindowsPowerShell\v1.0\Modules
# default
MAKE_COMMAND := make.exe
# default
.VARIABLES := 
# automatic
*F = $(notdir $*)
# environment
PROCESSOR_IDENTIFIER = Intel64 Family 6 Model 142 Stepping 10, GenuineIntel
# environment
OS = Windows_NT
# environment
VSCODE_IPC_HOOK = \\.\pipe\cb6fdc1de25c03b31a3d6a9ae8359cae-1.69.2-main-sock
# environment
WXDRIVE_START_ARGS = --wxdrive-setting=0 --disable-gpu --disable-software-rasterizer --enable-features=NetworkServiceInProcess
# environment
HOMEPATH = \Users\11710
# environment
COMMONPROGRAMFILES(X86) = C:\Program Files (x86)\Common Files
# environment
PROMPT = $P$G
# environment
MFLAGS = -pqrR
# automatic
*D = $(patsubst %/,%,$(patsubst %\,%,$(dir $*)))
# environment
REGIONCODE = APJ
# environment
SYSTEMROOT = C:\Windows
# environment
RUBYMINE_VM_OPTIONS = D:\Program Files\JetBrains\ja-netfilter-all\vmoptions\rubymine.vmoptions
# automatic
+D = $(patsubst %/,%,$(patsubst %\,%,$(dir $+)))
# environment
DATAGRIP_VM_OPTIONS = D:\Program Files\JetBrains\ja-netfilter-all\vmoptions\datagrip.vmoptions
# environment
PLATFORMCODE = KV
# automatic
+F = $(notdir $+)
# environment
APPDATA = C:\Users\11710\AppData\Roaming
# environment
TEMP = C:\Users\11710\AppData\Local\Temp
# environment
COMSPEC = C:\Windows\system32\cmd.exe
# environment
PYCHARM_VM_OPTIONS = D:\Program Files\JetBrains\ja-netfilter-all\vmoptions\pycharm.vmoptions
# default
MAKEFILES := 
# automatic
<F = $(notdir $<)
# environment
LC_ALL = C
# automatic
^F = $(notdir $^)
# default
SUFFIXES := 
# environment
SYSTEMDRIVE = C:
# environment
SESSIONNAME = Console
# environment
PROCESSOR_REVISION = 8e0a
# environment
VS140COMNTOOLS = D:\Program Files (x86)\Microsoft Visual Studio 14.0\Common7\Tools\
# default
.RECIPEPREFIX := 
# environment
CLION_VM_OPTIONS = D:\Program Files\JetBrains\ja-netfilter-all\vmoptions\clion.vmoptions
# environment
LANG = C
# environment
PROCESSOR_LEVEL = 6
# environment
FPS_BROWSER_APP_PROFILE_STRING = Internet Explorer
# environment
VSCODE_PID = 13968
# environment
USERDOMAIN_ROAMINGPROFILE = LAPTOP-460TLM8D
# variable set hash-table stats:
# Load=113/1024=11%, Rehash=0, Collisions=16/131=12%

# Pattern-specific Variable Values

# No pattern-specific variable values.

# Directories

# . (key d:/Programs/vs workspace/C, mtime 1658973976): 8 files, no impossibilities.

# 8 files, no impossibilities in 1 directories.

# Implicit Rules

# No implicit rules.

# Files

# Not a target:
all:
#  Command line target.
#  Implicit rule search has been done.
#  File does not exist.
#  File has not been updated.

# Not a target:
Makefile:
#  Implicit rule search has been done.
#  File does not exist.
#  File has been updated.
#  Failed to be updated.

# Not a target:
makefile:
#  Implicit rule search has been done.
#  File does not exist.
#  File has been updated.
#  Failed to be updated.

# Not a target:
makefile.mak:
#  Implicit rule search has been done.
#  File does not exist.
#  File has been updated.
#  Failed to be updated.

# Not a target:
.DEFAULT:
#  Implicit rule search has not been done.
#  Modification time never checked.
#  File has not been updated.

# Not a target:
GNUmakefile:
#  Implicit rule search has been done.
#  File does not exist.
#  File has been updated.
#  Failed to be updated.

# files hash-table stats:
# Load=7/1024=1%, Rehash=0, Collisions=0/16=0%
# VPATH Search Paths

# No 'vpath' search paths.

# No general ('VPATH' variable) search path.

# strcache buffers: 1 (0) / strings = 15 / storage = 121 B / avg = 8 B
# current buf: size = 8162 B / used = 121 B / count = 15 / avg = 8 B

# strcache performance: lookups = 17 / hit rate = 11%
# hash-table stats:
# Load=15/8192=0%, Rehash=0, Collisions=1/17=6%
# Finished Make data base on Thu Jul 28 10:07:33 2022

 
